<?xml version="1.0" encoding="UTF-8"?>
<testng-results ignored="0" total="2" passed="2" failed="0" skipped="0">
  <reporter-output>
  </reporter-output>
  <suite started-at="2025-04-15T17:41:35 IST" name="Default suite" finished-at="2025-04-15T17:41:40 IST" duration-ms="5611">
    <groups>
      <group name="cucumber">
        <method signature="AbstractTestNGCucumberTests.runScenario(io.cucumber.testng.PickleWrapper,io.cucumber.testng.FeatureWrapper)[pri:0, instance:RunnerFile.ArticleCreationRunner@5e2c3d18]" name="runScenario" class="io.cucumber.testng.AbstractTestNGCucumberTests"/>
      </group> <!-- cucumber -->
    </groups>
    <test started-at="2025-04-15T17:41:35 IST" name="Default test" finished-at="2025-04-15T17:41:40 IST" duration-ms="5611">
      <class name="RunnerFile.ArticleCreationRunner">
        <test-method is-config="true" signature="setUpClass(org.testng.ITestContext)[pri:0, instance:RunnerFile.ArticleCreationRunner@5e2c3d18]" started-at="2025-04-15T17:41:35 IST" name="setUpClass" finished-at="2025-04-15T17:41:38 IST" duration-ms="2836" status="PASS">
          <params>
            <param index="0">
              <value>
                <![CDATA[org.testng.TestRunner@292158f8]]>
              </value>
            </param>
          </params>
          <reporter-output>
          </reporter-output>
        </test-method> <!-- setUpClass -->
        <test-method signature="runScenario(io.cucumber.testng.PickleWrapper,io.cucumber.testng.FeatureWrapper)[pri:0, instance:RunnerFile.ArticleCreationRunner@5e2c3d18]" started-at="2025-04-15T17:41:38 IST" name="runScenario" description="Runs Cucumber Scenarios" data-provider="scenarios" finished-at="2025-04-15T17:41:39 IST" duration-ms="1748" status="PASS">
          <params>
            <param index="0">
              <value>
                <![CDATA["Login into App"]]>
              </value>
            </param>
            <param index="1">
              <value>
                <![CDATA["Conduit Article CRUD Functions"]]>
              </value>
            </param>
          </params>
          <reporter-output>
          </reporter-output>
        </test-method> <!-- runScenario -->
        <test-method signature="runScenario(io.cucumber.testng.PickleWrapper,io.cucumber.testng.FeatureWrapper)[pri:0, instance:RunnerFile.ArticleCreationRunner@5e2c3d18]" started-at="2025-04-15T17:41:39 IST" name="runScenario" description="Runs Cucumber Scenarios" data-provider="scenarios" finished-at="2025-04-15T17:41:40 IST" duration-ms="933" status="PASS">
          <params>
            <param index="0">
              <value>
                <![CDATA["Create new Article"]]>
              </value>
            </param>
            <param index="1">
              <value>
                <![CDATA["Conduit Article CRUD Functions"]]>
              </value>
            </param>
          </params>
          <reporter-output>
          </reporter-output>
        </test-method> <!-- runScenario -->
        <test-method is-config="true" signature="tearDownClass()[pri:0, instance:RunnerFile.ArticleCreationRunner@5e2c3d18]" started-at="2025-04-15T17:41:40 IST" name="tearDownClass" finished-at="2025-04-15T17:41:40 IST" duration-ms="29" status="PASS">
          <reporter-output>
          </reporter-output>
        </test-method> <!-- tearDownClass -->
      </class> <!-- RunnerFile.ArticleCreationRunner -->
    </test> <!-- Default test -->
  </suite> <!-- Default suite -->
</testng-results>
